1606859053992:load
1606940659457:allocate
1606940668825:promote 2
1606940975380:load
1606940982792:allocate
1606940985205:promote 2
1606940994244:allocate
1606941250097:load
1606941254347:allocate
1606941266747:promote 2
1606941564579:allocate
1606941572763:promote 4
1606941576631:allocate
1606941605652:promote 4
1606941608814:allocate
1606941618652:promote 1
1606942228493:load
1606942231590:allocate
1606942304232:load
1606942307156:allocate
1606942345093:A
1606942357780:allocate
1606944921414:load
1606944924432:allocate
1606945236639:load
1606945240916:allocate
1606945249859:promote 2
1606945255908:balance
1606945273894:promote 4
1606945276845:balance
